<?xml version="1.0" encoding="UTF-8"?>
<!-- Generated by org.testng.reporters.JUnitXMLReporter -->
<testsuite ignored="2" hostname="LAPTOP-F93705P1" failures="7" tests="7" name="CuraHealthTests" time="0.13" errors="0" timestamp="2023-01-23T15:58:30 EET">
  <testcase classname="andreeaG.tests.tema7.CuraHealthCareLogin" name="homeButtonFromMakeAppointmentPage" time="0.019">
    <failure type="java.lang.NullPointerException" message="Cannot invoke &amp;quot;org.openqa.selenium.chrome.ChromeDriver.get(String)&amp;quot; because &amp;quot;this.driver&amp;quot; is null">
      <![CDATA[java.lang.NullPointerException: Cannot invoke "org.openqa.selenium.chrome.ChromeDriver.get(String)" because "this.driver" is null
at andreeaG.tests.tema7.CuraHealthCareLogin.homeButtonFromMakeAppointmentPage(CuraHealthCareLogin.java:123)
at java.base/java.util.ArrayList.forEach(ArrayList.java:1511)
at com.intellij.rt.testng.IDEARemoteTestNG.run(IDEARemoteTestNG.java:66)
at com.intellij.rt.testng.RemoteTestNGStarter.main(RemoteTestNGStarter.java:109)
... Removed 22 stack frames]]>
    </failure>
  </testcase> <!-- homeButtonFromMakeAppointmentPage -->
  <testcase classname="andreeaG.tests.tema7.CuraHealthCareLogin" name="homeButtonWhenLoggedInHistory" time="0.001">
    <failure type="java.lang.NullPointerException" message="Cannot invoke &amp;quot;org.openqa.selenium.chrome.ChromeDriver.get(String)&amp;quot; because &amp;quot;this.driver&amp;quot; is null">
      <![CDATA[java.lang.NullPointerException: Cannot invoke "org.openqa.selenium.chrome.ChromeDriver.get(String)" because "this.driver" is null
at andreeaG.tests.tema7.CuraHealthCareLogin.homeButtonWhenLoggedInHistory(CuraHealthCareLogin.java:100)
at java.base/java.util.ArrayList.forEach(ArrayList.java:1511)
at com.intellij.rt.testng.IDEARemoteTestNG.run(IDEARemoteTestNG.java:66)
at com.intellij.rt.testng.RemoteTestNGStarter.main(RemoteTestNGStarter.java:109)
... Removed 22 stack frames]]>
    </failure>
  </testcase> <!-- homeButtonWhenLoggedInHistory -->
  <testcase classname="andreeaG.tests.tema7.CuraHealthCareLogin" name="homeButtonWhenLoggedInProfile" time="0.0">
    <failure type="java.lang.NullPointerException" message="Cannot invoke &amp;quot;org.openqa.selenium.chrome.ChromeDriver.get(String)&amp;quot; because &amp;quot;this.driver&amp;quot; is null">
      <![CDATA[java.lang.NullPointerException: Cannot invoke "org.openqa.selenium.chrome.ChromeDriver.get(String)" because "this.driver" is null
at andreeaG.tests.tema7.CuraHealthCareLogin.homeButtonWhenLoggedInProfile(CuraHealthCareLogin.java:111)
at java.base/java.util.ArrayList.forEach(ArrayList.java:1511)
at com.intellij.rt.testng.IDEARemoteTestNG.run(IDEARemoteTestNG.java:66)
at com.intellij.rt.testng.RemoteTestNGStarter.main(RemoteTestNGStarter.java:109)
... Removed 22 stack frames]]>
    </failure>
  </testcase> <!-- homeButtonWhenLoggedInProfile -->
  <testcase classname="andreeaG.tests.tema7.CuraHealthCareLogin" name="verifyRedirectToLoginWhenUserNotLoggedIn" time="0.008">
    <failure type="java.lang.NullPointerException" message="Cannot invoke &amp;quot;org.openqa.selenium.chrome.ChromeDriver.findElement(org.openqa.selenium.By)&amp;quot; because &amp;quot;this.driver&amp;quot; is null">
      <![CDATA[java.lang.NullPointerException: Cannot invoke "org.openqa.selenium.chrome.ChromeDriver.findElement(org.openqa.selenium.By)" because "this.driver" is null
at andreeaG.tests.tema7.CuraHealthCareLogin.verifyRedirectToLoginWhenUserNotLoggedIn(CuraHealthCareLogin.java:49)
at java.base/java.util.ArrayList.forEach(ArrayList.java:1511)
at com.intellij.rt.testng.IDEARemoteTestNG.run(IDEARemoteTestNG.java:66)
at com.intellij.rt.testng.RemoteTestNGStarter.main(RemoteTestNGStarter.java:109)
... Removed 22 stack frames]]>
    </failure>
  </testcase> <!-- verifyRedirectToLoginWhenUserNotLoggedIn -->
  <testcase classname="andreeaG.tests.tema7.ReturnToHomeButton" name="homeButtonFromMakeAppointmentPage" time="0.001">
    <failure type="java.lang.NullPointerException" message="Cannot invoke &amp;quot;org.openqa.selenium.chrome.ChromeDriver.get(String)&amp;quot; because &amp;quot;this.driver&amp;quot; is null">
      <![CDATA[java.lang.NullPointerException: Cannot invoke "org.openqa.selenium.chrome.ChromeDriver.get(String)" because "this.driver" is null
at andreeaG.tests.tema7.ReturnToHomeButton.homeButtonFromMakeAppointmentPage(ReturnToHomeButton.java:36)
at java.base/java.util.ArrayList.forEach(ArrayList.java:1511)
at com.intellij.rt.testng.IDEARemoteTestNG.run(IDEARemoteTestNG.java:66)
at com.intellij.rt.testng.RemoteTestNGStarter.main(RemoteTestNGStarter.java:109)
... Removed 22 stack frames]]>
    </failure>
  </testcase> <!-- homeButtonFromMakeAppointmentPage -->
  <testcase classname="andreeaG.tests.tema7.ReturnToHomeButton" name="homeButtonWhenLoggedInHistory" time="0.001">
    <failure type="java.lang.NullPointerException" message="Cannot invoke &amp;quot;org.openqa.selenium.chrome.ChromeDriver.get(String)&amp;quot; because &amp;quot;this.driver&amp;quot; is null">
      <![CDATA[java.lang.NullPointerException: Cannot invoke "org.openqa.selenium.chrome.ChromeDriver.get(String)" because "this.driver" is null
at andreeaG.tests.tema7.ReturnToHomeButton.homeButtonWhenLoggedInHistory(ReturnToHomeButton.java:13)
at java.base/java.util.ArrayList.forEach(ArrayList.java:1511)
at com.intellij.rt.testng.IDEARemoteTestNG.run(IDEARemoteTestNG.java:66)
at com.intellij.rt.testng.RemoteTestNGStarter.main(RemoteTestNGStarter.java:109)
... Removed 22 stack frames]]>
    </failure>
  </testcase> <!-- homeButtonWhenLoggedInHistory -->
  <testcase classname="andreeaG.tests.tema7.ReturnToHomeButton" name="homeButtonWhenLoggedInProfile" time="0.001">
    <failure type="java.lang.NullPointerException" message="Cannot invoke &amp;quot;org.openqa.selenium.chrome.ChromeDriver.get(String)&amp;quot; because &amp;quot;this.driver&amp;quot; is null">
      <![CDATA[java.lang.NullPointerException: Cannot invoke "org.openqa.selenium.chrome.ChromeDriver.get(String)" because "this.driver" is null
at andreeaG.tests.tema7.ReturnToHomeButton.homeButtonWhenLoggedInProfile(ReturnToHomeButton.java:24)
at java.base/java.util.ArrayList.forEach(ArrayList.java:1511)
at com.intellij.rt.testng.IDEARemoteTestNG.run(IDEARemoteTestNG.java:66)
at com.intellij.rt.testng.RemoteTestNGStarter.main(RemoteTestNGStarter.java:109)
... Removed 22 stack frames]]>
    </failure>
  </testcase> <!-- homeButtonWhenLoggedInProfile -->
  <testcase classname="andreeaG.tests.tema7.CuraHealthCareLogin" name="loginWithCredentials" time="0.0">
    <ignored/>
  </testcase> <!-- loginWithCredentials -->
  <testcase classname="andreeaG.tests.tema7.CuraHealthCareLogin" name="makeAppointmentPage" time="0.0">
    <ignored/>
  </testcase> <!-- makeAppointmentPage -->
</testsuite> <!-- CuraHealthTests -->
