<?xml version="1.0" encoding="UTF-8"?>
<!-- Generated by org.testng.reporters.JUnitXMLReporter -->
<testsuite ignored="0" hostname="LAPTOP-F93705P1" failures="1" tests="11" name="CuraHealthTests" time="38.546" errors="0" timestamp="2023-01-23T15:59:37 EET">
  <testcase classname="andreeaG.tests.tema7.CuraHealthCareLogin" name="homeButtonFromMakeAppointmentPage" time="0.471"/>
  <testcase classname="andreeaG.tests.tema7.CuraHealthCareLogin" name="homeButtonWhenLoggedInHistory" time="0.666"/>
  <testcase classname="andreeaG.tests.tema7.CuraHealthCareLogin" name="homeButtonWhenLoggedInProfile" time="0.575"/>
  <testcase classname="andreeaG.tests.tema7.CuraHealthCareLogin" name="loginWithCredentials" time="0.035">
    <failure type="org.openqa.selenium.NoSuchWindowException" message="no such window: target window already closed
from unknown error: web view not found
  (Session info: chrome=108.0.5359.126)
Build info: version: &amp;apos;4.7.2&amp;apos;, revision: &amp;apos;4d4020c3b7&amp;apos;
System info: os.name: &amp;apos;Windows 11&amp;apos;, os.arch: &amp;apos;amd64&amp;apos;, os.version: &amp;apos;10.0&amp;apos;, java.version: &amp;apos;19.0.1&amp;apos;
Driver info: org.openqa.selenium.chrome.ChromeDriver
Command: [f32d461fb3a48205cefc3eb7f694332d, findElement {using=css selector, value=.btn-dark.btn-lg.toggle}]
Capabilities {acceptInsecureCerts: false, browserName: chrome, browserVersion: 108.0.5359.126, chrome: {chromedriverVersion: 108.0.5359.71 (1e0e3868ee06..., userDataDir: C:\Users\redan\AppData\Loca...}, goog:chromeOptions: {debuggerAddress: localhost:56009}, networkConnectionEnabled: false, pageLoadStrategy: normal, platformName: WINDOWS, proxy: Proxy(), se:cdp: ws://localhost:56009/devtoo..., se:cdpVersion: 108.0.5359.126, setWindowRect: true, strictFileInteractability: false, timeouts: {implicit: 0, pageLoad: 300000, script: 30000}, unhandledPromptBehavior: dismiss and notify, webauthn:extension:credBlob: true, webauthn:extension:largeBlob: true, webauthn:virtualAuthenticators: true}
Session ID: f32d461fb3a48205cefc3eb7f694332d">
      <![CDATA[org.openqa.selenium.NoSuchWindowException: no such window: target window already closed
from unknown error: web view not found
  (Session info: chrome=108.0.5359.126)
Build info: version: '4.7.2', revision: '4d4020c3b7'
System info: os.name: 'Windows 11', os.arch: 'amd64', os.version: '10.0', java.version: '19.0.1'
Driver info: org.openqa.selenium.chrome.ChromeDriver
Command: [f32d461fb3a48205cefc3eb7f694332d, findElement {using=css selector, value=.btn-dark.btn-lg.toggle}]
Capabilities {acceptInsecureCerts: false, browserName: chrome, browserVersion: 108.0.5359.126, chrome: {chromedriverVersion: 108.0.5359.71 (1e0e3868ee06..., userDataDir: C:\Users\redan\AppData\Loca...}, goog:chromeOptions: {debuggerAddress: localhost:56009}, networkConnectionEnabled: false, pageLoadStrategy: normal, platformName: WINDOWS, proxy: Proxy(), se:cdp: ws://localhost:56009/devtoo..., se:cdpVersion: 108.0.5359.126, setWindowRect: true, strictFileInteractability: false, timeouts: {implicit: 0, pageLoad: 300000, script: 30000}, unhandledPromptBehavior: dismiss and notify, webauthn:extension:credBlob: true, webauthn:extension:largeBlob: true, webauthn:virtualAuthenticators: true}
Session ID: f32d461fb3a48205cefc3eb7f694332d
at org.openqa.selenium.remote.codec.w3c.W3CHttpResponseCodec.createException(W3CHttpResponseCodec.java:200)
at org.openqa.selenium.remote.codec.w3c.W3CHttpResponseCodec.decode(W3CHttpResponseCodec.java:133)
at org.openqa.selenium.remote.codec.w3c.W3CHttpResponseCodec.decode(W3CHttpResponseCodec.java:53)
at org.openqa.selenium.remote.HttpCommandExecutor.execute(HttpCommandExecutor.java:184)
at org.openqa.selenium.remote.service.DriverCommandExecutor.invokeExecute(DriverCommandExecutor.java:167)
at org.openqa.selenium.remote.service.DriverCommandExecutor.execute(DriverCommandExecutor.java:142)
at org.openqa.selenium.remote.RemoteWebDriver.execute(RemoteWebDriver.java:535)
at org.openqa.selenium.remote.ElementLocation$ElementFinder$2.findElement(ElementLocation.java:162)
at org.openqa.selenium.remote.ElementLocation.findElement(ElementLocation.java:60)
at org.openqa.selenium.remote.RemoteWebDriver.findElement(RemoteWebDriver.java:351)
at org.openqa.selenium.remote.RemoteWebDriver.findElement(RemoteWebDriver.java:343)
at andreeaG.tests.tema7.CuraHealthCareLogin.loginWithCredentials(CuraHealthCareLogin.java:22)
at java.base/java.util.ArrayList.forEach(ArrayList.java:1511)
at com.intellij.rt.testng.IDEARemoteTestNG.run(IDEARemoteTestNG.java:66)
at com.intellij.rt.testng.RemoteTestNGStarter.main(RemoteTestNGStarter.java:109)
... Removed 25 stack frames]]>
    </failure>
  </testcase> <!-- loginWithCredentials -->
  <testcase classname="andreeaG.tests.tema7.CuraHealthCareLogin" name="loginWithCredentials" time="1.032"/>
  <testcase classname="andreeaG.tests.tema7.CuraHealthCareLogin" name="makeAppointmentPage" time="1.604"/>
  <testcase classname="andreeaG.tests.tema7.CuraHealthCareLogin" name="makeAppointmentPage" time="1.601"/>
  <testcase classname="andreeaG.tests.tema7.CuraHealthCareLogin" name="verifyRedirectToLoginWhenUserNotLoggedIn" time="0.347"/>
  <testcase classname="andreeaG.tests.tema7.ReturnToHomeButton" name="homeButtonFromMakeAppointmentPage" time="0.474"/>
  <testcase classname="andreeaG.tests.tema7.ReturnToHomeButton" name="homeButtonWhenLoggedInHistory" time="0.601"/>
  <testcase classname="andreeaG.tests.tema7.ReturnToHomeButton" name="homeButtonWhenLoggedInProfile" time="0.593"/>
</testsuite> <!-- CuraHealthTests -->
